[2025-10-16T11:33:19.407Z] [INFO] ===== LSP服务器日志系统已初始化 =====
[2025-10-16T11:33:19.413Z] [INFO] 日志文件位置: c:\Users\Jorge Botero\.vcoder\logs\lsp-server.log
[2025-10-16T11:33:19.415Z] [INFO] LSP服务器已启动并监听连接
[2025-10-16T11:33:19.419Z] [INFO] 初始化LSP服务器
[2025-10-16T11:33:19.423Z] [INFO] 日志系统已启动并连接到LSP服务器
[2025-10-16T11:33:19.423Z] [INFO] 特性已初始化: logging
[2025-10-16T11:33:19.427Z] [INFO] 特性已初始化: completion
[2025-10-16T11:35:51.621Z] [INFO] 正在关闭LSP服务器
[2025-10-16T11:35:51.670Z] [INFO] 日志系统关闭
[2025-10-16T11:35:51.780Z] [INFO] 特性已关闭: logging
[2025-10-16T11:35:51.786Z] [INFO] 特性已关闭: completion
[2025-10-18T05:36:38.171Z] [INFO] ===== LSP服务器日志系统已初始化 =====
[2025-10-18T05:36:38.176Z] [INFO] 日志文件位置: c:\Users\Jorge Botero\.vcoder\logs\lsp-server.log
[2025-10-18T05:36:38.177Z] [INFO] LSP服务器已启动并监听连接
[2025-10-18T05:36:38.180Z] [INFO] 初始化LSP服务器
[2025-10-18T05:36:38.181Z] [INFO] 日志系统已启动并连接到LSP服务器
[2025-10-18T05:36:38.182Z] [INFO] 特性已初始化: logging
[2025-10-18T05:36:38.185Z] [INFO] 特性已初始化: completion
[2025-10-18T05:36:57.021Z] [INFO] 正在关闭LSP服务器
[2025-10-18T05:36:57.028Z] [INFO] 日志系统关闭
[2025-10-18T05:36:57.040Z] [INFO] 特性已关闭: logging
[2025-10-18T05:36:57.085Z] [INFO] 特性已关闭: completion
[2025-10-18T05:36:59.999Z] [INFO] ===== LSP服务器日志系统已初始化 =====
[2025-10-18T05:37:00.001Z] [INFO] 日志文件位置: c:\Users\Jorge Botero\.vcoder\logs\lsp-server.log
[2025-10-18T05:37:00.002Z] [INFO] LSP服务器已启动并监听连接
[2025-10-18T05:37:00.005Z] [INFO] 初始化LSP服务器
[2025-10-18T05:37:00.006Z] [INFO] 日志系统已启动并连接到LSP服务器
[2025-10-18T05:37:00.007Z] [INFO] 特性已初始化: logging
[2025-10-18T05:37:00.008Z] [INFO] 特性已初始化: completion
[2025-10-18T05:38:34.488Z] [INFO] 正在关闭LSP服务器
[2025-10-18T05:38:34.493Z] [INFO] 日志系统关闭
[2025-10-18T05:38:34.499Z] [INFO] 特性已关闭: logging
[2025-10-18T05:38:34.513Z] [INFO] 特性已关闭: completion
[2025-10-20T11:29:17.180Z] [INFO] ===== LSP服务器日志系统已初始化 =====
[2025-10-20T11:29:17.189Z] [INFO] 日志文件位置: c:\Users\Jorge Botero\.vcoder\logs\lsp-server.log
[2025-10-20T11:29:17.190Z] [INFO] LSP服务器已启动并监听连接
[2025-10-20T11:29:17.194Z] [INFO] 初始化LSP服务器
[2025-10-20T11:29:17.195Z] [INFO] 日志系统已启动并连接到LSP服务器
[2025-10-20T11:29:17.196Z] [INFO] 特性已初始化: logging
[2025-10-20T11:29:17.198Z] [INFO] 特性已初始化: completion
[2025-10-20T11:33:16.808Z] [INFO] 正在关闭LSP服务器
[2025-10-20T11:33:16.826Z] [INFO] 日志系统关闭
[2025-10-20T11:33:16.842Z] [INFO] 特性已关闭: logging
[2025-10-20T11:33:16.847Z] [INFO] 特性已关闭: completion
[2025-10-20T11:35:35.842Z] [INFO] ===== LSP服务器日志系统已初始化 =====
[2025-10-20T11:35:35.881Z] [INFO] 日志文件位置: c:\Users\Jorge Botero\.vcoder\logs\lsp-server.log
[2025-10-20T11:35:35.897Z] [INFO] LSP服务器已启动并监听连接
[2025-10-20T11:35:35.918Z] [INFO] 初始化LSP服务器
[2025-10-20T11:35:35.982Z] [INFO] 日志系统已启动并连接到LSP服务器
[2025-10-20T11:35:36.013Z] [INFO] 特性已初始化: logging
[2025-10-20T11:35:36.018Z] [INFO] 特性已初始化: completion
[2025-10-20T11:35:54.862Z] [INFO] 正在关闭LSP服务器
[2025-10-20T11:35:54.873Z] [INFO] 日志系统关闭
[2025-10-20T11:35:54.920Z] [INFO] 特性已关闭: logging
[2025-10-20T11:35:54.947Z] [INFO] 特性已关闭: completion
